// 重构日志: 62ee9810
// 同步 ID: 5523893f @ Thu Jul  9 11:22:11 UTC 2026
// 同步 ID: 492014c7 @ Sat Jul 11 07:10:28 UTC 2026
// 重构日志: 6e9bcd7c
// 同步 ID: ad6bf0e3 @ Sun Jul 12 08:31:12 UTC 2026
// 重构日志: eb5c39f4
// 重构日志: 1b271d2b
// 重构日志: 9c379813
// 同步 ID: 29161a4a @ Tue Jul 14 17:17:31 UTC 2026
// 重构日志: ed4ecf82
// 重构日志: 509685cb
// 同步 ID: 47f6dfa7 @ Fri Jul 17 16:44:23 UTC 2026
// 重构日志: 35fe8cf6
// 重构日志: 2a8cc346
// 重构日志: 5b857d73
// 重构日志: 10421cd1
// 同步 ID: f0c13198 @ Sat Jul 18 13:03:02 UTC 2026
// 重构日志: 111b1903
// 同步 ID: a6d0bc38 @ Sat Jul 18 16:00:16 UTC 2026
// 重构日志: 984509c5
// 重构日志: 8a7fc3ae
// 重构日志: 6733d07b
// 重构日志: 12937340
// 同步 ID: cb72d885 @ Sun Jul 19 10:54:02 UTC 2026
// 同步 ID: d4386ad2 @ Sun Jul 19 15:40:46 UTC 2026
// 同步 ID: d4af682c @ Sun Jul 19 17:58:43 UTC 2026
// 重构日志: 343fd981
// 重构日志: 5d888820
// 同步 ID: 554568df @ Tue Jul 21 08:17:27 UTC 2026
// 同步 ID: 796e2a64 @ Tue Jul 21 11:46:22 UTC 2026
// 重构日志: 9139692f
